<?xml version="1.0" encoding="UTF-8"?>
<!-- Generated by org.testng.reporters.JUnitReportReporter -->
<testsuite hostname="DESKTOP-I50C56H" failures="0" tests="1" name="com.testscenarios.AccountDetails" time="70.503" errors="0" timestamp="2023-01-17T13:56:33 GST" skipped="0">
  <testcase classname="com.testscenarios.AccountDetails" name="f" time="70.503"/>
  <system-out/>
</testsuite> <!-- com.testscenarios.AccountDetails -->
