<?xml version="1.0" encoding="UTF-8"?>
<!-- Generated by org.testng.reporters.JUnitReportReporter -->
<testsuite hostname="DESKTOP-I50C56H" failures="0" tests="1" name="com.testscenarios.SignUpPage" time="12.345" errors="0" timestamp="2023-01-17T12:03:50 GST" skipped="0">
  <testcase classname="com.testscenarios.SignUpPage" name="f" time="12.345"/>
  <system-out/>
</testsuite> <!-- com.testscenarios.SignUpPage -->
