<?xml version="1.0" encoding="UTF-8"?>
<!-- Generated by org.testng.reporters.JUnitReportReporter -->
<testsuite hostname="DESKTOP-I50C56H" failures="0" tests="1" name="com.testscenarios.LoginPage" time="30.995" errors="0" timestamp="2023-01-24T17:32:28 GST" skipped="0">
  <testcase classname="com.testscenarios.LoginPage" name="f" time="30.995"/>
  <system-out/>
</testsuite> <!-- com.testscenarios.LoginPage -->
