<?xml version="1.0" encoding="UTF-8"?>
<!-- Generated by org.testng.reporters.JUnitReportReporter -->
<testsuite hostname="DESKTOP-I50C56H" failures="0" tests="1" name="com.testscenarios.HomePage" time="0.013" errors="0" timestamp="2023-01-13T09:31:23 GST" skipped="0">
  <testcase classname="com.testscenarios.HomePage" name="f" time="0.013"/>
  <system-out/>
</testsuite> <!-- com.testscenarios.HomePage -->
