<?xml version="1.0" encoding="UTF-8"?>
<!-- Generated by org.testng.reporters.JUnitReportReporter -->
<testsuite hostname="DESKTOP-I50C56H" failures="0" tests="1" name="com.testscenarios.Personalinfo" time="83.465" errors="0" timestamp="2023-01-25T13:30:45 GST" skipped="0">
  <testcase classname="com.testscenarios.Personalinfo" name="f" time="83.465"/>
  <system-out/>
</testsuite> <!-- com.testscenarios.Personalinfo -->
