<?xml version="1.0" encoding="UTF-8"?>
<!-- Generated by org.testng.reporters.JUnitReportReporter -->
<testsuite hostname="DESKTOP-I50C56H" failures="0" tests="1" name="com.testscenarios.PhoneHome" time="23.694" errors="0" timestamp="2023-01-18T16:08:48 GST" skipped="0">
  <testcase classname="com.testscenarios.PhoneHome" name="f" time="23.694"/>
  <system-out/>
</testsuite> <!-- com.testscenarios.PhoneHome -->
